<?xml version="1.0" encoding="UTF-8"?>
<Site BuildName="Win32-make"
	BuildStamp="20230130-1249-Experimental"
	Name="Derk5"
	Generator="ctest-3.25.0-rc1"
	CompilerName="C:/msys64/mingw64/bin/g++.exe"
	CompilerVersion="12.2.0"
	OSName="Windows"
	Hostname="Derk5"
	OSRelease=" Personal"
	OSVersion=" (Build 22621)"
	OSPlatform="AMD64"
	Is64Bits="1"
	VendorString="AuthenticAMD"
	VendorID="Advanced Micro Devices"
	FamilyID="15"
	ModelID="0"
	ProcessorCacheSize="64"
	NumberOfLogicalCPU="12"
	NumberOfPhysicalCPU="6"
	TotalVirtualMemory="43611"
	TotalPhysicalMemory="28524"
	LogicalProcessorsPerPhysical="2"
	ProcessorClockFrequency="3293"
	>
	<Testing>
		<StartDateTime>Jan 30 11:20 Easter Island Daylight Time</StartDateTime>
		<StartTestTime>1675095615</StartTestTime>
		<TestList/>
		<EndDateTime>Jan 30 11:20 Easter Island Daylight Time</EndDateTime>
		<EndTestTime>1675095616</EndTestTime>
		<ElapsedMinutes>0</ElapsedMinutes>
	</Testing>
</Site>
